<?xml version="1.0" encoding="UTF-8"?>
<testsuite name="ru.ranepa.service.EmployeeServiceTest" tests="3" skipped="0" failures="0" errors="0" timestamp="2026-03-29T23:48:09" hostname="DESKTOP-HCOAITQ" time="0.048">
  <properties/>
  <testcase name="shouldFindTopEarner()" classname="ru.ranepa.service.EmployeeServiceTest" time="0.04"/>
  <testcase name="shouldReturnZeroForEmptySalary()" classname="ru.ranepa.service.EmployeeServiceTest" time="0.002"/>
  <testcase name="shouldCalculateAverageSalary()" classname="ru.ranepa.service.EmployeeServiceTest" time="0.003"/>
  <system-out><![CDATA[]]></system-out>
  <system-err><![CDATA[]]></system-err>
</testsuite>
